  03_array_size.c
C:\my_workspace\C\Step04\Step04\03_array_size.c(11,12): warning C4477: 'printf' : 서식 문자열 '%d'에 'int' 형식의 인수가 필요하지만 variadic 인수 1의 형식이 'size_t'입니다.
C:\my_workspace\C\Step04\Step04\03_array_size.c(11,12): message : 서식 문자열에서 '%zd'을(를) 사용하는 것이 좋습니다.
C:\my_workspace\C\Step04\Step04\03_array_size.c(11,12): warning C4477: 'printf' : 서식 문자열 '%d'에 'int' 형식의 인수가 필요하지만 variadic 인수 2의 형식이 'size_t'입니다.
C:\my_workspace\C\Step04\Step04\03_array_size.c(11,12): message : 서식 문자열에서 '%zd'을(를) 사용하는 것이 좋습니다.
C:\my_workspace\C\Step04\Step04\03_array_size.c(11,12): warning C4477: 'printf' : 서식 문자열 '%d'에 'int' 형식의 인수가 필요하지만 variadic 인수 3의 형식이 'size_t'입니다.
C:\my_workspace\C\Step04\Step04\03_array_size.c(11,12): message : 서식 문자열에서 '%zd'을(를) 사용하는 것이 좋습니다.
C:\my_workspace\C\Step04\Step04\03_array_size.c(12,12): warning C4477: 'printf' : 서식 문자열 '%d'에 'int' 형식의 인수가 필요하지만 variadic 인수 1의 형식이 'unsigned __int64'입니다.
C:\my_workspace\C\Step04\Step04\03_array_size.c(12,12): message : 서식 문자열에서 '%lld'을(를) 사용하는 것이 좋습니다.
C:\my_workspace\C\Step04\Step04\03_array_size.c(12,12): message : 서식 문자열에서 '%Id'을(를) 사용하는 것이 좋습니다.
C:\my_workspace\C\Step04\Step04\03_array_size.c(12,12): message : 서식 문자열에서 '%I64d'을(를) 사용하는 것이 좋습니다.
C:\my_workspace\C\Step04\Step04\03_array_size.c(12,12): warning C4477: 'printf' : 서식 문자열 '%d'에 'int' 형식의 인수가 필요하지만 variadic 인수 2의 형식이 'unsigned __int64'입니다.
C:\my_workspace\C\Step04\Step04\03_array_size.c(12,12): message : 서식 문자열에서 '%lld'을(를) 사용하는 것이 좋습니다.
C:\my_workspace\C\Step04\Step04\03_array_size.c(12,12): message : 서식 문자열에서 '%Id'을(를) 사용하는 것이 좋습니다.
C:\my_workspace\C\Step04\Step04\03_array_size.c(12,12): message : 서식 문자열에서 '%I64d'을(를) 사용하는 것이 좋습니다.
C:\my_workspace\C\Step04\Step04\03_array_size.c(12,12): warning C4477: 'printf' : 서식 문자열 '%d'에 'int' 형식의 인수가 필요하지만 variadic 인수 3의 형식이 'unsigned __int64'입니다.
C:\my_workspace\C\Step04\Step04\03_array_size.c(12,12): message : 서식 문자열에서 '%lld'을(를) 사용하는 것이 좋습니다.
C:\my_workspace\C\Step04\Step04\03_array_size.c(12,12): message : 서식 문자열에서 '%Id'을(를) 사용하는 것이 좋습니다.
C:\my_workspace\C\Step04\Step04\03_array_size.c(12,12): message : 서식 문자열에서 '%I64d'을(를) 사용하는 것이 좋습니다.
  Step04.vcxproj -> C:\my_workspace\C\Step04\x64\Debug\Step04.exe
